<?xml version="1.0" encoding="UTF-8"?>
<!-- Generated by org.testng.reporters.JUnitReportReporter -->
<testsuite hostname="Girish" failures="0" tests="1" name="com.LntSuffin.testScripts.VerifyNumberOfAdhesivesProductsInaPage_test" time="6.227" errors="0" timestamp="2023-03-10T23:16:38 IST" skipped="0">
  <testcase classname="com.LntSuffin.testScripts.VerifyNumberOfAdhesivesProductsInaPage_test" name="VerifyNumberOfProductsInaPage" time="6.227"/>
  <system-out/>
</testsuite> <!-- com.LntSuffin.testScripts.VerifyNumberOfAdhesivesProductsInaPage_test -->
