<?xml version="1.0" encoding="UTF-8"?>
<!-- Generated by org.testng.reporters.JUnitReportReporter -->
<testsuite hostname="Girish" failures="0" tests="1" name="com.LntSuffin.testScripts.VerifyNumberOfProductsInaPage_test" time="8.299" errors="0" timestamp="2023-03-10T21:46:42 IST" skipped="0">
  <testcase classname="com.LntSuffin.testScripts.VerifyNumberOfProductsInaPage_test" name="VerifyNumberOfProductsInaPage" time="8.299"/>
  <system-out/>
</testsuite> <!-- com.LntSuffin.testScripts.VerifyNumberOfProductsInaPage_test -->
