<?xml version="1.0" encoding="UTF-8"?>
<!-- Generated by org.testng.reporters.JUnitReportReporter -->
<testsuite hostname="Girish" failures="0" tests="1" name="com.LntSuffin.testScripts.VerifyAllSealantsProductsFromLucknow_test" time="5.279" errors="0" timestamp="2023-03-10T23:16:38 IST" skipped="0">
  <testcase classname="com.LntSuffin.testScripts.VerifyAllSealantsProductsFromLucknow_test" name="VerifyAllSealantsProductsFromLucknow" time="5.279"/>
  <system-out/>
</testsuite> <!-- com.LntSuffin.testScripts.VerifyAllSealantsProductsFromLucknow_test -->
