<?xml version="1.0" encoding="UTF-8"?>
<!-- Generated by org.testng.reporters.JUnitReportReporter -->
<testsuite hostname="Girish" failures="0" tests="1" name="com.LntSuffin.testScripts.VerifyNumberOfSealantsProductsInaPage_test" time="7.557" errors="0" timestamp="2023-03-10T23:16:37 IST" skipped="0">
  <testcase classname="com.LntSuffin.testScripts.VerifyNumberOfSealantsProductsInaPage_test" name="VerifyNumberOfSealantsProductsInaPage" time="7.557"/>
  <system-out/>
</testsuite> <!-- com.LntSuffin.testScripts.VerifyNumberOfSealantsProductsInaPage_test -->
