<?xml version="1.0" encoding="UTF-8"?>
<!-- Generated by org.testng.reporters.JUnitReportReporter -->
<testsuite hostname="Girish" failures="0" tests="1" name="com.LntSuffin.testScripts.VerifyAllAdhesivesProductsFromLucknow_test" time="5.967" errors="0" timestamp="2023-03-10T23:27:06 IST" skipped="0">
  <testcase classname="com.LntSuffin.testScripts.VerifyAllAdhesivesProductsFromLucknow_test" name="VerifyAllProductsFromDelhi" time="5.967"/>
  <system-out/>
</testsuite> <!-- com.LntSuffin.testScripts.VerifyAllAdhesivesProductsFromLucknow_test -->
