<?xml version="1.0" encoding="UTF-8"?>
<!-- Generated by org.testng.reporters.JUnitReportReporter -->
<testsuite hostname="Girish" failures="0" tests="1" name="com.LntSuffin.testScripts.VerifyAllProductsAreVerifiedAndTrustedProducts_test" time="8.167" errors="0" timestamp="2023-03-10T22:08:10 IST" skipped="0">
  <testcase classname="com.LntSuffin.testScripts.VerifyAllProductsAreVerifiedAndTrustedProducts_test" name="VerifyAllProductsAreVerifiedAndTrustedProducts" time="8.167"/>
  <system-out/>
</testsuite> <!-- com.LntSuffin.testScripts.VerifyAllProductsAreVerifiedAndTrustedProducts_test -->
