<?xml version="1.0" encoding="UTF-8"?>
<!-- Generated by org.testng.reporters.JUnitReportReporter -->
<testsuite hostname="Girish" failures="0" tests="1" name="com.LntSuffin.testScripts.VerifyAllProductsFromLucknow_test" time="5.452" errors="0" timestamp="2023-03-10T22:47:33 IST" skipped="0">
  <testcase classname="com.LntSuffin.testScripts.VerifyAllProductsFromLucknow_test" name="VerifyAllProductsFromDelhi" time="5.452"/>
  <system-out/>
</testsuite> <!-- com.LntSuffin.testScripts.VerifyAllProductsFromLucknow_test -->
